[0711/132104.642:ERROR:process_info.cc(329)] VirtualQueryEx: Access is denied. (0x5)
[0711/132107.249:ERROR:process_info.cc(556)] ReadMemoryInfo failed
[0711/132107.877:ERROR:scoped_process_suspend.cc(40)] NtResumeProcess: An attempt was made to access an exiting process. (0xc000010a)
[0711/144644.465:ERROR:process_memory_win.cc(73)] ReadMemory at 0x214ec11de90 of 72 bytes failed: Only part of a ReadProcessMemory or WriteProcessMemory request was completed. (0x12B)
[0711/144645.238:WARNING:pe_image_annotations_reader.cc(134)] could not read annotations list object in C:\Program Files (x86)\Google\Chrome\Application\83.0.4103.116\chrome_elf.dll
[0711/144645.239:ERROR:process_memory_win.cc(73)] ReadMemory at 0x214ec8d9740 of 72 bytes failed: Only part of a ReadProcessMemory or WriteProcessMemory request was completed. (0x12B)
[0711/144645.243:WARNING:pe_image_annotations_reader.cc(134)] could not read annotations list object in C:\Program Files (x86)\Google\Chrome\Application\83.0.4103.116\chrome.dll
[0711/144645.952:ERROR:process_memory_win.cc(73)] ReadMemory at 0x214ec11de90 of 72 bytes failed: Only part of a ReadProcessMemory or WriteProcessMemory request was completed. (0x12B)
[0711/144645.952:WARNING:pe_image_annotations_reader.cc(134)] could not read annotations list object in C:\Program Files (x86)\Google\Chrome\Application\83.0.4103.116\chrome_elf.dll
[0711/144645.953:ERROR:process_memory_win.cc(73)] ReadMemory at 0x214ec8d9740 of 72 bytes failed: Only part of a ReadProcessMemory or WriteProcessMemory request was completed. (0x12B)
[0711/144645.953:WARNING:pe_image_annotations_reader.cc(134)] could not read annotations list object in C:\Program Files (x86)\Google\Chrome\Application\83.0.4103.116\chrome.dll
[0711/144645.955:ERROR:process_memory_win.cc(73)] ReadMemory at 0x214ec11de90 of 72 bytes failed: Only part of a ReadProcessMemory or WriteProcessMemory request was completed. (0x12B)
[0711/144645.955:WARNING:pe_image_annotations_reader.cc(134)] could not read annotations list object in C:\Program Files (x86)\Google\Chrome\Application\83.0.4103.116\chrome_elf.dll
[0711/144645.955:ERROR:process_memory_win.cc(73)] ReadMemory at 0x214ec8d9740 of 72 bytes failed: Only part of a ReadProcessMemory or WriteProcessMemory request was completed. (0x12B)
[0711/144645.955:WARNING:pe_image_annotations_reader.cc(134)] could not read annotations list object in C:\Program Files (x86)\Google\Chrome\Application\83.0.4103.116\chrome.dll
[0711/144646.807:ERROR:process_memory_win.cc(73)] ReadMemory at 0x6f547f4000 of 49152 bytes failed: Only part of a ReadProcessMemory or WriteProcessMemory request was completed. (0x12B)
[0711/144646.808:ERROR:process_memory_win.cc(73)] ReadMemory at 0x6f54ffd000 of 12288 bytes failed: Only part of a ReadProcessMemory or WriteProcessMemory request was completed. (0x12B)
[0711/144646.808:ERROR:process_memory_win.cc(73)] ReadMemory at 0x6f55ffc000 of 16384 bytes failed: Only part of a ReadProcessMemory or WriteProcessMemory request was completed. (0x12B)
[0711/144646.808:ERROR:process_memory_win.cc(73)] ReadMemory at 0x6f567fc000 of 16384 bytes failed: Only part of a ReadProcessMemory or WriteProcessMemory request was completed. (0x12B)
[0711/144646.808:ERROR:process_memory_win.cc(73)] ReadMemory at 0x6f56ffe000 of 8192 bytes failed: Only part of a ReadProcessMemory or WriteProcessMemory request was completed. (0x12B)
[0711/144646.808:ERROR:process_memory_win.cc(73)] ReadMemory at 0x6f577fd000 of 12288 bytes failed: Only part of a ReadProcessMemory or WriteProcessMemory request was completed. (0x12B)
[0711/144646.808:ERROR:process_memory_win.cc(73)] ReadMemory at 0x6f57ffb000 of 20480 bytes failed: Only part of a ReadProcessMemory or WriteProcessMemory request was completed. (0x12B)
[0711/144646.808:ERROR:process_memory_win.cc(73)] ReadMemory at 0x6f587fd000 of 12288 bytes failed: Only part of a ReadProcessMemory or WriteProcessMemory request was completed. (0x12B)
[0711/144646.808:ERROR:process_memory_win.cc(73)] ReadMemory at 0x6f58ffd000 of 12288 bytes failed: Only part of a ReadProcessMemory or WriteProcessMemory request was completed. (0x12B)
[0711/144646.808:ERROR:process_memory_win.cc(73)] ReadMemory at 0x6f597fd000 of 12288 bytes failed: Only part of a ReadProcessMemory or WriteProcessMemory request was completed. (0x12B)
[0711/144646.809:ERROR:process_memory_win.cc(73)] ReadMemory at 0x6f59ffd000 of 12288 bytes failed: Only part of a ReadProcessMemory or WriteProcessMemory request was completed. (0x12B)
[0711/144646.809:ERROR:process_memory_win.cc(73)] ReadMemory at 0x6f5b7ff000 of 4096 bytes failed: Only part of a ReadProcessMemory or WriteProcessMemory request was completed. (0x12B)
[0711/144646.809:ERROR:process_memory_win.cc(73)] ReadMemory at 0x6f557fd000 of 12288 bytes failed: Only part of a ReadProcessMemory or WriteProcessMemory request was completed. (0x12B)
[0711/144646.809:ERROR:process_memory_win.cc(73)] ReadMemory at 0x6f5a7fd000 of 12288 bytes failed: Only part of a ReadProcessMemory or WriteProcessMemory request was completed. (0x12B)
[0711/144646.809:ERROR:process_memory_win.cc(73)] ReadMemory at 0x6f5affd000 of 12288 bytes failed: Only part of a ReadProcessMemory or WriteProcessMemory request was completed. (0x12B)
[0711/144646.809:ERROR:process_memory_win.cc(73)] ReadMemory at 0x6f5bffe000 of 8192 bytes failed: Only part of a ReadProcessMemory or WriteProcessMemory request was completed. (0x12B)
[0711/144646.809:ERROR:process_memory_win.cc(73)] ReadMemory at 0x6f53ee4000 of 852 bytes failed: Only part of a ReadProcessMemory or WriteProcessMemory request was completed. (0x12B)
[0711/144646.809:ERROR:process_memory_win.cc(73)] ReadMemory at 0x6f53ee5000 of 6024 bytes failed: Only part of a ReadProcessMemory or WriteProcessMemory request was completed. (0x12B)
[0711/144646.809:ERROR:process_memory_win.cc(73)] ReadMemory at 0x6f53ee7000 of 6024 bytes failed: Only part of a ReadProcessMemory or WriteProcessMemory request was completed. (0x12B)
[0711/144646.809:ERROR:process_memory_win.cc(73)] ReadMemory at 0x6f53eeb000 of 6024 bytes failed: Only part of a ReadProcessMemory or WriteProcessMemory request was completed. (0x12B)
[0711/144646.809:ERROR:process_memory_win.cc(73)] ReadMemory at 0x6f53eed000 of 6024 bytes failed: Only part of a ReadProcessMemory or WriteProcessMemory request was completed. (0x12B)
[0711/144646.809:ERROR:process_memory_win.cc(73)] ReadMemory at 0x6f53eef000 of 6024 bytes failed: Only part of a ReadProcessMemory or WriteProcessMemory request was completed. (0x12B)
[0711/144646.810:ERROR:process_memory_win.cc(73)] ReadMemory at 0x6f53ef1000 of 6024 bytes failed: Only part of a ReadProcessMemory or WriteProcessMemory request was completed. (0x12B)
[0711/144646.810:ERROR:process_memory_win.cc(73)] ReadMemory at 0x6f53ef3000 of 6024 bytes failed: Only part of a ReadProcessMemory or WriteProcessMemory request was completed. (0x12B)
[0711/144646.810:ERROR:process_memory_win.cc(73)] ReadMemory at 0x6f53ef5000 of 6024 bytes failed: Only part of a ReadProcessMemory or WriteProcessMemory request was completed. (0x12B)
[0711/144646.810:ERROR:process_memory_win.cc(73)] ReadMemory at 0x6f53ef7000 of 6024 bytes failed: Only part of a ReadProcessMemory or WriteProcessMemory request was completed. (0x12B)
[0711/144646.810:ERROR:process_memory_win.cc(73)] ReadMemory at 0x6f53ef9000 of 6024 bytes failed: Only part of a ReadProcessMemory or WriteProcessMemory request was completed. (0x12B)
[0711/144646.810:ERROR:process_memory_win.cc(73)] ReadMemory at 0x6f53efb000 of 6024 bytes failed: Only part of a ReadProcessMemory or WriteProcessMemory request was completed. (0x12B)
[0711/144646.810:ERROR:process_memory_win.cc(73)] ReadMemory at 0x6f53f13000 of 6024 bytes failed: Only part of a ReadProcessMemory or WriteProcessMemory request was completed. (0x12B)
[0711/144646.810:ERROR:process_memory_win.cc(73)] ReadMemory at 0x6f53f17000 of 6024 bytes failed: Only part of a ReadProcessMemory or WriteProcessMemory request was completed. (0x12B)
[0711/144646.810:ERROR:process_memory_win.cc(73)] ReadMemory at 0x6f53f19000 of 6024 bytes failed: Only part of a ReadProcessMemory or WriteProcessMemory request was completed. (0x12B)
[0711/144646.817:ERROR:process_memory_win.cc(73)] ReadMemory at 0x6f53f1b000 of 6024 bytes failed: Only part of a ReadProcessMemory or WriteProcessMemory request was completed. (0x12B)
[0711/144646.817:ERROR:process_memory_win.cc(73)] ReadMemory at 0x6f53f1d000 of 6024 bytes failed: Only part of a ReadProcessMemory or WriteProcessMemory request was completed. (0x12B)
[0711/144646.818:ERROR:process_memory_win.cc(73)] ReadMemory at 0x214ec140750 of 80 bytes failed: Only part of a ReadProcessMemory or WriteProcessMemory request was completed. (0x12B)
[0711/144646.818:ERROR:process_memory_win.cc(73)] ReadMemory at 0x214ec140ad0 of 512 bytes failed: Only part of a ReadProcessMemory or WriteProcessMemory request was completed. (0x12B)
[0711/144646.818:ERROR:process_memory_win.cc(73)] ReadMemory at 0x214ec140fe0 of 22704 bytes failed: Only part of a ReadProcessMemory or WriteProcessMemory request was completed. (0x12B)
[0711/144646.818:ERROR:process_memory_win.cc(73)] ReadMemory at 0x214ec1468a0 of 1012 bytes failed: Only part of a ReadProcessMemory or WriteProcessMemory request was completed. (0x12B)
[0711/144646.818:ERROR:process_memory_win.cc(73)] ReadMemory at 0x214ec146ee8 of 118 bytes failed: Only part of a ReadProcessMemory or WriteProcessMemory request was completed. (0x12B)
[0711/144646.818:ERROR:process_memory_win.cc(73)] ReadMemory at 0x214ec146f60 of 756 bytes failed: Only part of a ReadProcessMemory or WriteProcessMemory request was completed. (0x12B)
[0711/144646.818:ERROR:process_memory_win.cc(73)] ReadMemory at 0x214ec147256 of 118 bytes failed: Only part of a ReadProcessMemory or WriteProcessMemory request was completed. (0x12B)
[0711/144646.818:ERROR:process_memory_win.cc(73)] ReadMemory at 0x214ec1472ce of 96 bytes failed: Only part of a ReadProcessMemory or WriteProcessMemory request was completed. (0x12B)
[0711/144646.818:ERROR:process_memory_win.cc(73)] ReadMemory at 0x214ec147340 of 58 bytes failed: Only part of a ReadProcessMemory or WriteProcessMemory request was completed. (0x12B)
[0711/144646.818:ERROR:process_memory_win.cc(73)] ReadMemory at 0x214ec147440 of 132 bytes failed: Only part of a ReadProcessMemory or WriteProcessMemory request was completed. (0x12B)
[0711/144646.818:ERROR:process_memory_win.cc(73)] ReadMemory at 0x214ec1475d0 of 132 bytes failed: Only part of a ReadProcessMemory or WriteProcessMemory request was completed. (0x12B)
[0711/144646.818:ERROR:process_memory_win.cc(73)] ReadMemory at 0x214ec147790 of 126 bytes failed: Only part of a ReadProcessMemory or WriteProcessMemory request was completed. (0x12B)
[0711/144646.818:ERROR:process_memory_win.cc(73)] ReadMemory at 0x214ec147b70 of 132 bytes failed: Only part of a ReadProcessMemory or WriteProcessMemory request was completed. (0x12B)
[0711/144646.819:ERROR:process_memory_win.cc(73)] ReadMemory at 0x214ec147d00 of 64 bytes failed: Only part of a ReadProcessMemory or WriteProcessMemory request was completed. (0x12B)
[0711/144646.819:ERROR:process_memory_win.cc(73)] ReadMemory at 0x214ec147ec0 of 132 bytes failed: Only part of a ReadProcessMemory or WriteProcessMemory request was completed. (0x12B)
[0711/144646.819:ERROR:process_memory_win.cc(73)] ReadMemory at 0x214ec148160 of 132 bytes failed: Only part of a ReadProcessMemory or WriteProcessMemory request was completed. (0x12B)
[0711/144646.819:ERROR:process_memory_win.cc(73)] ReadMemory at 0x214ec1482f0 of 68 bytes failed: Only part of a ReadProcessMemory or WriteProcessMemory request was completed. (0x12B)
[0711/144646.819:ERROR:process_memory_win.cc(73)] ReadMemory at 0x214ec1493c0 of 132 bytes failed: Only part of a ReadProcessMemory or WriteProcessMemory request was completed. (0x12B)
[0711/144646.819:ERROR:process_memory_win.cc(73)] ReadMemory at 0x214ec149550 of 154 bytes failed: Only part of a ReadProcessMemory or WriteProcessMemory request was completed. (0x12B)
[0711/144646.819:ERROR:process_memory_win.cc(73)] ReadMemory at 0x214ec14a360 of 62 bytes failed: Only part of a ReadProcessMemory or WriteProcessMemory request was completed. (0x12B)
[0711/144646.819:ERROR:process_memory_win.cc(73)] ReadMemory at 0x214ec14a4c0 of 132 bytes failed: Only part of a ReadProcessMemory or WriteProcessMemory request was completed. (0x12B)
[0711/144646.819:ERROR:process_memory_win.cc(73)] ReadMemory at 0x214ec14a650 of 60 bytes failed: Only part of a ReadProcessMemory or WriteProcessMemory request was completed. (0x12B)
[0711/144646.819:ERROR:process_memory_win.cc(73)] ReadMemory at 0x214ec14aa10 of 132 bytes failed: Only part of a ReadProcessMemory or WriteProcessMemory request was completed. (0x12B)
[0711/144646.819:ERROR:process_memory_win.cc(73)] ReadMemory at 0x214ec14c1f0 of 132 bytes failed: Only part of a ReadProcessMemory or WriteProcessMemory request was completed. (0x12B)
[0711/144646.819:ERROR:process_memory_win.cc(73)] ReadMemory at 0x214ec14c410 of 132 bytes failed: Only part of a ReadProcessMemory or WriteProcessMemory request was completed. (0x12B)
[0711/144646.819:ERROR:process_memory_win.cc(73)] ReadMemory at 0x214ec14c770 of 132 bytes failed: Only part of a ReadProcessMemory or WriteProcessMemory request was completed. (0x12B)
[0711/144646.819:ERROR:process_memory_win.cc(73)] ReadMemory at 0x214ec14c980 of 132 bytes failed: Only part of a ReadProcessMemory or WriteProcessMemory request was completed. (0x12B)
[0711/144646.819:ERROR:process_memory_win.cc(73)] ReadMemory at 0x214ec14ca30 of 512 bytes failed: Only part of a ReadProcessMemory or WriteProcessMemory request was completed. (0x12B)
[0711/144646.819:ERROR:process_memory_win.cc(73)] ReadMemory at 0x214ec14cdf0 of 132 bytes failed: Only part of a ReadProcessMemory or WriteProcessMemory request was completed. (0x12B)
[0711/144646.819:ERROR:process_memory_win.cc(73)] ReadMemory at 0x214ec14fcf0 of 62 bytes failed: Only part of a ReadProcessMemory or WriteProcessMemory request was completed. (0x12B)
[0711/144646.819:ERROR:process_memory_win.cc(73)] ReadMemory at 0x214ec14fd40 of 64 bytes failed: Only part of a ReadProcessMemory or WriteProcessMemory request was completed. (0x12B)
[0711/144646.819:ERROR:process_memory_win.cc(73)] ReadMemory at 0x214ec150100 of 60 bytes failed: Only part of a ReadProcessMemory or WriteProcessMemory request was completed. (0x12B)
[0711/144646.819:ERROR:process_memory_win.cc(73)] ReadMemory at 0x214ec150150 of 66 bytes failed: Only part of a ReadProcessMemory or WriteProcessMemory request was completed. (0x12B)
[0711/144646.820:ERROR:process_memory_win.cc(73)] ReadMemory at 0x214ec1501f0 of 64 bytes failed: Only part of a ReadProcessMemory or WriteProcessMemory request was completed. (0x12B)
[0711/144646.820:ERROR:process_memory_win.cc(73)] ReadMemory at 0x214ec150240 of 60 bytes failed: Only part of a ReadProcessMemory or WriteProcessMemory request was completed. (0x12B)
[0711/144646.820:ERROR:process_memory_win.cc(73)] ReadMemory at 0x214ec1502e0 of 64 bytes failed: Only part of a ReadProcessMemory or WriteProcessMemory request was completed. (0x12B)
[0711/144646.820:ERROR:process_memory_win.cc(73)] ReadMemory at 0x214ec1503d0 of 62 bytes failed: Only part of a ReadProcessMemory or WriteProcessMemory request was completed. (0x12B)
[0711/144646.820:ERROR:process_memory_win.cc(73)] ReadMemory at 0x214ec150420 of 64 bytes failed: Only part of a ReadProcessMemory or WriteProcessMemory request was completed. (0x12B)
[0711/144646.820:ERROR:process_memory_win.cc(73)] ReadMemory at 0x214ec150a40 of 76 bytes failed: Only part of a ReadProcessMemory or WriteProcessMemory request was completed. (0x12B)
[0711/144646.820:ERROR:process_memory_win.cc(73)] ReadMemory at 0x214ec150ce0 of 80 bytes failed: Only part of a ReadProcessMemory or WriteProcessMemory request was completed. (0x12B)
[0711/144646.820:ERROR:process_memory_win.cc(73)] ReadMemory at 0x214ec154760 of 132 bytes failed: Only part of a ReadProcessMemory or WriteProcessMemory request was completed. (0x12B)
[0711/144646.820:ERROR:process_memory_win.cc(73)] ReadMemory at 0x214ec154890 of 132 bytes failed: Only part of a ReadProcessMemory or WriteProcessMemory request was completed. (0x12B)
[0711/144646.820:ERROR:process_memory_win.cc(73)] ReadMemory at 0x214ec1549c0 of 132 bytes failed: Only part of a ReadProcessMemory or WriteProcessMemory request was completed. (0x12B)
[0711/144646.823:ERROR:process_memory_win.cc(73)] ReadMemory at 0x214ec154af0 of 132 bytes failed: Only part of a ReadProcessMemory or WriteProcessMemory request was completed. (0x12B)
[0711/144646.823:ERROR:process_memory_win.cc(73)] ReadMemory at 0x214ec154c20 of 132 bytes failed: Only part of a ReadProcessMemory or WriteProcessMemory request was completed. (0x12B)
[0711/144646.823:ERROR:process_memory_win.cc(73)] ReadMemory at 0x214ec154d50 of 132 bytes failed: Only part of a ReadProcessMemory or WriteProcessMemory request was completed. (0x12B)
[0711/144646.824:ERROR:process_memory_win.cc(73)] ReadMemory at 0x214ec154e80 of 132 bytes failed: Only part of a ReadProcessMemory or WriteProcessMemory request was completed. (0x12B)
[0711/144646.824:ERROR:process_memory_win.cc(73)] ReadMemory at 0x214ec154fb0 of 132 bytes failed: Only part of a ReadProcessMemory or WriteProcessMemory request was completed. (0x12B)
[0711/144646.824:ERROR:process_memory_win.cc(73)] ReadMemory at 0x214ec1550e0 of 132 bytes failed: Only part of a ReadProcessMemory or WriteProcessMemory request was completed. (0x12B)
[0711/144646.824:ERROR:process_memory_win.cc(73)] ReadMemory at 0x214ec155340 of 132 bytes failed: Only part of a ReadProcessMemory or WriteProcessMemory request was completed. (0x12B)
[0711/144646.824:ERROR:process_memory_win.cc(73)] ReadMemory at 0x214ec155470 of 132 bytes failed: Only part of a ReadProcessMemory or WriteProcessMemory request was completed. (0x12B)
[0711/144646.824:ERROR:process_memory_win.cc(73)] ReadMemory at 0x214ec1555a0 of 132 bytes failed: Only part of a ReadProcessMemory or WriteProcessMemory request was completed. (0x12B)
[0711/144646.824:ERROR:process_memory_win.cc(73)] ReadMemory at 0x214ec156d20 of 132 bytes failed: Only part of a ReadProcessMemory or WriteProcessMemory request was completed. (0x12B)
[0711/144646.824:ERROR:process_memory_win.cc(73)] ReadMemory at 0x214ec158740 of 132 bytes failed: Only part of a ReadProcessMemory or WriteProcessMemory request was completed. (0x12B)
[0711/144646.824:ERROR:process_memory_win.cc(73)] ReadMemory at 0x214ec15a9e0 of 54 bytes failed: Only part of a ReadProcessMemory or WriteProcessMemory request was completed. (0x12B)
[0711/144646.824:ERROR:process_memory_win.cc(73)] ReadMemory at 0x214ec15b320 of 132 bytes failed: Only part of a ReadProcessMemory or WriteProcessMemory request was completed. (0x12B)
[0711/144646.824:ERROR:process_memory_win.cc(73)] ReadMemory at 0x214ec15bc70 of 132 bytes failed: Only part of a ReadProcessMemory or WriteProcessMemory request was completed. (0x12B)
[0711/144646.824:ERROR:process_memory_win.cc(73)] ReadMemory at 0x214ec15bf00 of 146 bytes failed: Only part of a ReadProcessMemory or WriteProcessMemory request was completed. (0x12B)
[0711/144646.824:ERROR:process_memory_win.cc(73)] ReadMemory at 0x214ec15c040 of 62 bytes failed: Only part of a ReadProcessMemory or WriteProcessMemory request was completed. (0x12B)
[0711/144646.824:ERROR:process_memory_win.cc(73)] ReadMemory at 0x214ec15c270 of 64 bytes failed: Only part of a ReadProcessMemory or WriteProcessMemory request was completed. (0x12B)
[0711/144646.824:ERROR:process_memory_win.cc(73)] ReadMemory at 0x214ec15c2c0 of 62 bytes failed: Only part of a ReadProcessMemory or WriteProcessMemory request was completed. (0x12B)
[0711/144646.824:ERROR:process_memory_win.cc(73)] ReadMemory at 0x214ec15c310 of 64 bytes failed: Only part of a ReadProcessMemory or WriteProcessMemory request was completed. (0x12B)
[0711/144646.824:ERROR:process_memory_win.cc(73)] ReadMemory at 0x214ec15c360 of 60 bytes failed: Only part of a ReadProcessMemory or WriteProcessMemory request was completed. (0x12B)
[0711/144646.824:ERROR:process_memory_win.cc(73)] ReadMemory at 0x214ec15c630 of 62 bytes failed: Only part of a ReadProcessMemory or WriteProcessMemory request was completed. (0x12B)
[0711/144646.824:ERROR:process_memory_win.cc(73)] ReadMemory at 0x214ec15c680 of 60 bytes failed: Only part of a ReadProcessMemory or WriteProcessMemory request was completed. (0x12B)
[0711/144646.825:ERROR:process_memory_win.cc(73)] ReadMemory at 0x214ec15c810 of 58 bytes failed: Only part of a ReadProcessMemory or WriteProcessMemory request was completed. (0x12B)
[0711/144646.825:ERROR:process_memory_win.cc(73)] ReadMemory at 0x214ec15c900 of 62 bytes failed: Only part of a ReadProcessMemory or WriteProcessMemory request was completed. (0x12B)
[0711/144646.825:ERROR:process_memory_win.cc(73)] ReadMemory at 0x214ec15c950 of 60 bytes failed: Only part of a ReadProcessMemory or WriteProcessMemory request was completed. (0x12B)
[0711/144646.825:ERROR:process_memory_win.cc(73)] ReadMemory at 0x214ec15c9a0 of 64 bytes failed: Only part of a ReadProcessMemory or WriteProcessMemory request was completed. (0x12B)
[0711/144646.825:ERROR:process_memory_win.cc(73)] ReadMemory at 0x214ec15cae0 of 62 bytes failed: Only part of a ReadProcessMemory or WriteProcessMemory request was completed. (0x12B)
[0711/144646.825:ERROR:process_memory_win.cc(73)] ReadMemory at 0x214ec15cc20 of 62 bytes failed: Only part of a ReadProcessMemory or WriteProcessMemory request was completed. (0x12B)
[0711/144646.825:ERROR:process_memory_win.cc(73)] ReadMemory at 0x214ec15cc70 of 60 bytes failed: Only part of a ReadProcessMemory or WriteProcessMemory request was completed. (0x12B)
[0711/144646.825:ERROR:process_memory_win.cc(73)] ReadMemory at 0x214ec15ccc0 of 62 bytes failed: Only part of a ReadProcessMemory or WriteProcessMemory request was completed. (0x12B)
[0711/144646.825:ERROR:process_memory_win.cc(73)] ReadMemory at 0x214ec15cd60 of 62 bytes failed: Only part of a ReadProcessMemory or WriteProcessMemory request was completed. (0x12B)
[0711/144646.825:ERROR:process_memory_win.cc(73)] ReadMemory at 0x214ec15cdb0 of 66 bytes failed: Only part of a ReadProcessMemory or WriteProcessMemory request was completed. (0x12B)
[0711/144646.825:ERROR:process_memory_win.cc(73)] ReadMemory at 0x214ec15cf40 of 64 bytes failed: Only part of a ReadProcessMemory or WriteProcessMemory request was completed. (0x12B)
[0711/144646.825:ERROR:process_memory_win.cc(73)] ReadMemory at 0x214ec15d000 of 132 bytes failed: Only part of a ReadProcessMemory or WriteProcessMemory request was completed. (0x12B)
[0711/144646.825:ERROR:process_memory_win.cc(73)] ReadMemory at 0x214ec15d260 of 132 bytes failed: Only part of a ReadProcessMemory or WriteProcessMemory request was completed. (0x12B)
[0711/144646.825:ERROR:process_memory_win.cc(73)] ReadMemory at 0x214ec15d5f0 of 132 bytes failed: Only part of a ReadProcessMemory or WriteProcessMemory request was completed. (0x12B)
[0711/144646.825:ERROR:process_memory_win.cc(73)] ReadMemory at 0x214ec15d720 of 132 bytes failed: Only part of a ReadProcessMemory or WriteProcessMemory request was completed. (0x12B)
[0711/144646.825:ERROR:process_memory_win.cc(73)] ReadMemory at 0x214ec15d850 of 132 bytes failed: Only part of a ReadProcessMemory or WriteProcessMemory request was completed. (0x12B)
[0711/144646.825:ERROR:process_memory_win.cc(73)] ReadMemory at 0x214ec15de40 of 132 bytes failed: Only part of a ReadProcessMemory or WriteProcessMemory request was completed. (0x12B)
[0711/144646.825:ERROR:process_memory_win.cc(73)] ReadMemory at 0x214ec15e430 of 132 bytes failed: Only part of a ReadProcessMemory or WriteProcessMemory request was completed. (0x12B)
[0711/144646.825:ERROR:process_memory_win.cc(73)] ReadMemory at 0x214ec15e560 of 132 bytes failed: Only part of a ReadProcessMemory or WriteProcessMemory request was completed. (0x12B)
[0711/144646.825:ERROR:process_memory_win.cc(73)] ReadMemory at 0x214ec15ea20 of 132 bytes failed: Only part of a ReadProcessMemory or WriteProcessMemory request was completed. (0x12B)
[0711/144646.826:ERROR:process_memory_win.cc(73)] ReadMemory at 0x214ec15ec80 of 132 bytes failed: Only part of a ReadProcessMemory or WriteProcessMemory request was completed. (0x12B)
[0711/144646.826:ERROR:process_memory_win.cc(73)] ReadMemory at 0x214ec1784c0 of 512 bytes failed: Only part of a ReadProcessMemory or WriteProcessMemory request was completed. (0x12B)
[0711/144646.826:ERROR:process_memory_win.cc(73)] ReadMemory at 0x214ec186e10 of 512 bytes failed: Only part of a ReadProcessMemory or WriteProcessMemory request was completed. (0x12B)
[0711/144646.826:ERROR:process_memory_win.cc(73)] ReadMemory at 0x214ec187190 of 512 bytes failed: Only part of a ReadProcessMemory or WriteProcessMemory request was completed. (0x12B)
[0711/144646.826:ERROR:process_memory_win.cc(73)] ReadMemory at 0x214ec350dc0 of 512 bytes failed: Only part of a ReadProcessMemory or WriteProcessMemory request was completed. (0x12B)
[0711/144646.826:ERROR:process_memory_win.cc(73)] ReadMemory at 0x214ec8f97a0 of 512 bytes failed: Only part of a ReadProcessMemory or WriteProcessMemory request was completed. (0x12B)
[0711/144646.826:ERROR:process_memory_win.cc(73)] ReadMemory at 0x214ec91c3b0 of 1024 bytes failed: Only part of a ReadProcessMemory or WriteProcessMemory request was completed. (0x12B)
[0711/144646.826:ERROR:process_memory_win.cc(73)] ReadMemory at 0x214ec9302e0 of 512 bytes failed: Only part of a ReadProcessMemory or WriteProcessMemory request was completed. (0x12B)
[0711/144646.826:ERROR:process_memory_win.cc(73)] ReadMemory at 0x214ec968f20 of 512 bytes failed: Only part of a ReadProcessMemory or WriteProcessMemory request was completed. (0x12B)
[0711/144646.826:ERROR:process_memory_win.cc(73)] ReadMemory at 0x214ec986cf0 of 512 bytes failed: Only part of a ReadProcessMemory or WriteProcessMemory request was completed. (0x12B)
[0711/144646.826:ERROR:process_memory_win.cc(73)] ReadMemory at 0x214ef24d2d0 of 512 bytes failed: Only part of a ReadProcessMemory or WriteProcessMemory request was completed. (0x12B)
[0711/144646.826:ERROR:process_memory_win.cc(73)] ReadMemory at 0x214effd3180 of 512 bytes failed: Only part of a ReadProcessMemory or WriteProcessMemory request was completed. (0x12B)
[0711/144646.826:ERROR:process_memory_win.cc(73)] ReadMemory at 0x214f203b0f0 of 512 bytes failed: Only part of a ReadProcessMemory or WriteProcessMemory request was completed. (0x12B)
[0711/144646.826:ERROR:process_memory_win.cc(73)] ReadMemory at 0x214f28591d0 of 512 bytes failed: Only part of a ReadProcessMemory or WriteProcessMemory request was completed. (0x12B)
[0711/144646.826:ERROR:process_memory_win.cc(73)] ReadMemory at 0x390b08bcff9c of 513 bytes failed: Only part of a ReadProcessMemory or WriteProcessMemory request was completed. (0x12B)
[0711/144646.826:ERROR:process_memory_win.cc(73)] ReadMemory at 0x390b562fff80 of 800 bytes failed: Only part of a ReadProcessMemory or WriteProcessMemory request was completed. (0x12B)
[0711/144646.826:ERROR:process_memory_win.cc(73)] ReadMemory at 0x390b572d0fd8 of 513 bytes failed: Only part of a ReadProcessMemory or WriteProcessMemory request was completed. (0x12B)
[0711/144646.826:ERROR:process_memory_win.cc(73)] ReadMemory at 0x7bc913604000 of 384 bytes failed: Only part of a ReadProcessMemory or WriteProcessMemory request was completed. (0x12B)
[0711/144646.826:ERROR:process_memory_win.cc(73)] ReadMemory at 0x7bc913cc2670 of 512 bytes failed: Only part of a ReadProcessMemory or WriteProcessMemory request was completed. (0x12B)
[0711/144646.826:ERROR:process_memory_win.cc(73)] ReadMemory at 0x7ffdf68c9cd4 of 512 bytes failed: Only part of a ReadProcessMemory or WriteProcessMemory request was completed. (0x12B)
[0711/144646.826:ERROR:process_memory_win.cc(73)] ReadMemory at 0x7ffdf690a735 of 512 bytes failed: Only part of a ReadProcessMemory or WriteProcessMemory request was completed. (0x12B)
[0711/144646.827:ERROR:process_memory_win.cc(73)] ReadMemory at 0x7ffdf7608cfc of 512 bytes failed: Only part of a ReadProcessMemory or WriteProcessMemory request was completed. (0x12B)
[0711/144646.827:ERROR:process_memory_win.cc(73)] ReadMemory at 0x7ffdf82d815a of 512 bytes failed: Only part of a ReadProcessMemory or WriteProcessMemory request was completed. (0x12B)
[0711/144646.827:ERROR:process_memory_win.cc(73)] ReadMemory at 0x7ffe281d79a5 of 512 bytes failed: Only part of a ReadProcessMemory or WriteProcessMemory request was completed. (0x12B)
[0711/144646.827:ERROR:process_memory_win.cc(73)] ReadMemory at 0x7ffe281d8180 of 512 bytes failed: Only part of a ReadProcessMemory or WriteProcessMemory request was completed. (0x12B)
[0711/144646.827:ERROR:process_memory_win.cc(73)] ReadMemory at 0x7ffe3bb20000 of 384 bytes failed: Only part of a ReadProcessMemory or WriteProcessMemory request was completed. (0x12B)
[0711/144646.827:ERROR:process_memory_win.cc(73)] ReadMemory at 0x7ffe3bbbc074 of 672 bytes failed: Only part of a ReadProcessMemory or WriteProcessMemory request was completed. (0x12B)
[0711/144646.827:ERROR:process_memory_win.cc(73)] ReadMemory at 0x7ffe3bbbf924 of 608 bytes failed: Only part of a ReadProcessMemory or WriteProcessMemory request was completed. (0x12B)
[0711/144646.827:ERROR:process_memory_win.cc(73)] ReadMemory at 0x7ffe3bc4c428 of 18 bytes failed: Only part of a ReadProcessMemory or WriteProcessMemory request was completed. (0x12B)
[0711/144646.827:ERROR:process_memory_win.cc(73)] ReadMemory at 0x7ffe3bc7f4f8 of 40 bytes failed: Only part of a ReadProcessMemory or WriteProcessMemory request was completed. (0x12B)
[0711/144646.827:ERROR:process_memory_win.cc(73)] ReadMemory at 0x7ffe3bc7f978 of 48 bytes failed: Only part of a ReadProcessMemory or WriteProcessMemory request was completed. (0x12B)
[0711/144646.827:ERROR:process_memory_win.cc(73)] ReadMemory at 0x7ffe3bc853c0 of 64 bytes failed: Only part of a ReadProcessMemory or WriteProcessMemory request was completed. (0x12B)
[0711/144647.063:ERROR:scoped_process_suspend.cc(40)] NtResumeProcess: An attempt was made to access an exiting process. (0xc000010a)
